{"name": "test_get_user_orders_authorized", "status": "failed", "statusDetails": {"message": "AssertionError: assert 403 == 200\n +  where 403 = <Response [403]>.status_code", "trace": "def test_get_user_orders_authorized():\n        url = f\"{BASE_URL}/orders\"\n        headers = {\"Authorization\": f\"Bearer {AUTH_TOKEN_REFRESH}\"}\n        response = requests.get(url, headers=headers)\n>       assert response.status_code == 200\nE       assert 403 == 200\nE        +  where 403 = <Response [403]>.status_code\n\napi_tests/test_user_orders.py:9: AssertionError"}, "start": 1725805833640, "stop": 1725805833835, "uuid": "93f1a928-4359-47d5-8fc3-5e9a1c892dba", "historyId": "ccc64543ee9904d48c0c04b2e2ec40ff", "testCaseId": "ccc64543ee9904d48c0c04b2e2ec40ff", "fullName": "api_tests.test_user_orders#test_get_user_orders_authorized", "labels": [{"name": "parentSuite", "value": "api_tests"}, {"name": "suite", "value": "test_user_orders"}, {"name": "host", "value": "MacBook-Air-Anna.local"}, {"name": "thread", "value": "94963-MainThread"}, {"name": "framework", "value": "pytest"}, {"name": "language", "value": "cpython3"}, {"name": "package", "value": "api_tests.test_user_orders"}]}