{"name": "test_create_unique_user", "status": "failed", "statusDetails": {"message": "AssertionError: assert 403 == 200\n +  where 403 = <Response [403]>.status_code", "trace": "def test_create_unique_user():\n        url = f\"{BASE_URL}/auth/register\"\n        user_data = {\n            \"email\": \"unique_user@example.com\",\n            \"password\": \"Password123\",\n            \"name\": \"Unique User\"\n        }\n        response = requests.post(url, json=user_data)\n>       assert response.status_code == 200\nE       assert 403 == 200\nE        +  where 403 = <Response [403]>.status_code\n\napi_tests/test_user_creation.py:15: AssertionError"}, "start": 1725805832080, "stop": 1725805832230, "uuid": "011ec263-b8bb-4c2f-9f73-22741af6a71a", "historyId": "eadf6ebafa75a6fd25d01ba31ab7fda4", "testCaseId": "eadf6ebafa75a6fd25d01ba31ab7fda4", "fullName": "api_tests.test_user_creation#test_create_unique_user", "labels": [{"name": "parentSuite", "value": "api_tests"}, {"name": "suite", "value": "test_user_creation"}, {"name": "host", "value": "MacBook-Air-Anna.local"}, {"name": "thread", "value": "94963-MainThread"}, {"name": "framework", "value": "pytest"}, {"name": "language", "value": "cpython3"}, {"name": "package", "value": "api_tests.test_user_creation"}]}