{"name": "test_create_order_authorized", "status": "failed", "statusDetails": {"message": "AssertionError: assert 403 == 200\n +  where 403 = <Response [403]>.status_code", "trace": "def test_create_order_authorized():\n        url = f\"{BASE_URL}/orders\"\n        headers = {\"Authorization\": f\"Bearer {AUTH_TOKEN_REFRESH}\"}\n        order_data = {\n            \"ingredients\": [\"ingredient_id_1\", \"ingredient_id_2\"]\n        }\n        response = requests.post(url, json=order_data, headers=headers)\n>       assert response.status_code == 200\nE       assert 403 == 200\nE        +  where 403 = <Response [403]>.status_code\n\napi_tests/test_order_creation.py:13: AssertionError"}, "start": 1725805831584, "stop": 1725805831823, "uuid": "a4e7dbb5-7561-44aa-b929-559fdae2d705", "historyId": "779f2f5666594b43e2f0f452c2b20383", "testCaseId": "779f2f5666594b43e2f0f452c2b20383", "fullName": "api_tests.test_order_creation#test_create_order_authorized", "labels": [{"name": "parentSuite", "value": "api_tests"}, {"name": "suite", "value": "test_order_creation"}, {"name": "host", "value": "MacBook-Air-Anna.local"}, {"name": "thread", "value": "94963-MainThread"}, {"name": "framework", "value": "pytest"}, {"name": "language", "value": "cpython3"}, {"name": "package", "value": "api_tests.test_order_creation"}]}