{"name": "test_create_order_unauthorized", "status": "failed", "statusDetails": {"message": "AssertionError: assert 500 == 401\n +  where 500 = <Response [500]>.status_code", "trace": "def test_create_order_unauthorized():\n        url = f\"{BASE_URL}/orders\"\n        order_data = {\n            \"ingredients\": [\"ingredient_id_1\"]\n        }\n        response = requests.post(url, json=order_data)\n>       assert response.status_code == 401  # Unauthorized\nE       assert 500 == 401\nE        +  where 500 = <Response [500]>.status_code\n\napi_tests/test_order_creation.py:22: AssertionError"}, "start": 1725805831861, "stop": 1725805832072, "uuid": "df8d0152-334c-485b-9097-18b9b6083e3d", "historyId": "c7067bf7195bc47ae0cf4dc24fca21e0", "testCaseId": "c7067bf7195bc47ae0cf4dc24fca21e0", "fullName": "api_tests.test_order_creation#test_create_order_unauthorized", "labels": [{"name": "parentSuite", "value": "api_tests"}, {"name": "suite", "value": "test_order_creation"}, {"name": "host", "value": "MacBook-Air-Anna.local"}, {"name": "thread", "value": "94963-MainThread"}, {"name": "framework", "value": "pytest"}, {"name": "language", "value": "cpython3"}, {"name": "package", "value": "api_tests.test_order_creation"}]}