{"name": "test_create_user_missing_field", "status": "failed", "statusDetails": {"message": "AssertionError: assert 403 == 400\n +  where 403 = <Response [403]>.status_code", "trace": "def test_create_user_missing_field():\n        url = f\"{BASE_URL}/auth/register\"\n        user_data = {\n            \"email\": \"missing_field_user@example.com\",\n            \"password\": \"Password123\"\n            # Missing 'name'\n        }\n        response = requests.post(url, json=user_data)\n>       assert response.status_code == 400  # Bad Request\nE       assert 403 == 400\nE        +  where 403 = <Response [403]>.status_code\n\napi_tests/test_user_creation.py:41: AssertionError"}, "start": 1725805832705, "stop": 1725805832895, "uuid": "d09c647d-fc07-400e-bb81-cb7b117f6f97", "historyId": "a55608f3c99739cf1b533cbc069848e1", "testCaseId": "a55608f3c99739cf1b533cbc069848e1", "fullName": "api_tests.test_user_creation#test_create_user_missing_field", "labels": [{"name": "parentSuite", "value": "api_tests"}, {"name": "suite", "value": "test_user_creation"}, {"name": "host", "value": "MacBook-Air-Anna.local"}, {"name": "thread", "value": "94963-MainThread"}, {"name": "framework", "value": "pytest"}, {"name": "language", "value": "cpython3"}, {"name": "package", "value": "api_tests.test_user_creation"}]}